{
  "RSpec": {
    "coverage": {
      "/Users/james/projects/jamesawesome/webyiff/app.rb": [
        1,
        1,
        1,
        null,
        1,
        null,
        1,
        1,
        1,
        null,
        null,
        1,
        1,
        null,
        null,
        1,
        1,
        null,
        null,
        1,
        null,
        1,
        null,
        1,
        5,
        2,
        null,
        null,
        1,
        null,
        null,
        null
      ]
    },
    "timestamp": 1432433185
  }
}
